#
# There is insufficient memory for the Java Runtime Environment to continue.
# Native memory allocation (malloc) failed to allocate 32744 bytes for ChunkPool::allocate
# Possible reasons:
#   The system is out of physical RAM or swap space
#   In 32 bit mode, the process size limit was hit
# Possible solutions:
#   Reduce memory load on the system
#   Increase physical memory or swap space
#   Check if swap backing store is full
#   Use 64 bit Java on a 64 bit OS
#   Decrease Java heap size (-Xmx/-Xms)
#   Decrease number of Java threads
#   Decrease Java thread stack sizes (-Xss)
#   Set larger code cache with -XX:ReservedCodeCacheSize=
# This output file may be truncated or incomplete.
#
#  Out of Memory Error (allocation.cpp:273), pid=8940, tid=0x00000000000022a0
#
# JRE version: Java(TM) SE Runtime Environment (8.0_151-b12) (build 1.8.0_151-b12)
# Java VM: Java HotSpot(TM) 64-Bit Server VM (25.151-b12 mixed mode windows-amd64 compressed oops)
# Failed to write core dump. Minidumps are not enabled by default on client versions of Windows
#

---------------  T H R E A D  ---------------

Current thread (0x0000000019d6d000):  JavaThread "restartedMain" [_thread_in_vm, id=8864, stack(0x000000001a950000,0x000000001aa50000)]

Stack: [0x000000001a950000,0x000000001aa50000]
[error occurred during error reporting (printing stack bounds), id 0xc0000005]

Native frames: (J=compiled Java code, j=interpreted, Vv=VM code, C=native code)

Java frames: (J=compiled Java code, j=interpreted, Vv=VM code)
J 865  java.lang.ClassLoader.defineClass1(Ljava/lang/String;[BIILjava/security/ProtectionDomain;Ljava/lang/String;)Ljava/lang/Class; (0 bytes) @ 0x0000000002f0ac9f [0x0000000002f0ac00+0x9f]
J 729 C1 java.lang.ClassLoader.defineClass(Ljava/lang/String;[BIILjava/security/ProtectionDomain;)Ljava/lang/Class; (43 bytes) @ 0x0000000002ed1e1c [0x0000000002ed1d20+0xfc]
J 732 C1 java.net.URLClassLoader.defineClass(Ljava/lang/String;Lsun/misc/Resource;)Ljava/lang/Class; (142 bytes) @ 0x0000000002ed43cc [0x0000000002ed3a00+0x9cc]
J 671 C1 java.net.URLClassLoader$1.run()Ljava/lang/Class; (63 bytes) @ 0x0000000002eb9c34 [0x0000000002eb9b80+0xb4]
J 670 C1 java.net.URLClassLoader$1.run()Ljava/lang/Object; (5 bytes) @ 0x0000000002eb9854 [0x0000000002eb9820+0x34]
v  ~StubRoutines::call_stub
J 524  java.security.AccessController.doPrivileged(Ljava/security/PrivilegedExceptionAction;Ljava/security/AccessControlContext;)Ljava/lang/Object; (0 bytes) @ 0x0000000002e77026 [0x0000000002e76fc0+0x66]
J 668 C1 java.net.URLClassLoader.findClass(Ljava/lang/String;)Ljava/lang/Class; (47 bytes) @ 0x0000000002eb8ff4 [0x0000000002eb8f40+0xb4]
J 506 C1 java.lang.ClassLoader.loadClass(Ljava/lang/String;Z)Ljava/lang/Class; (122 bytes) @ 0x0000000002e715a4 [0x0000000002e712a0+0x304]
J 583 C1 sun.misc.Launcher$AppClassLoader.loadClass(Ljava/lang/String;Z)Ljava/lang/Class; (85 bytes) @ 0x0000000002e901c4 [0x0000000002e8fee0+0x2e4]
J 580 C1 java.lang.ClassLoader.loadClass(Ljava/lang/String;)Ljava/lang/Class; (7 bytes) @ 0x0000000002e8f4a4 [0x0000000002e8f460+0x44]
v  ~StubRoutines::call_stub
J 865  java.lang.ClassLoader.defineClass1(Ljava/lang/String;[BIILjava/security/ProtectionDomain;Ljava/lang/String;)Ljava/lang/Class; (0 bytes) @ 0x0000000002f0ac9f [0x0000000002f0ac00+0x9f]
J 729 C1 java.lang.ClassLoader.defineClass(Ljava/lang/String;[BIILjava/security/ProtectionDomain;)Ljava/lang/Class; (43 bytes) @ 0x0000000002ed1e1c [0x0000000002ed1d20+0xfc]
J 732 C1 java.net.URLClassLoader.defineClass(Ljava/lang/String;Lsun/misc/Resource;)Ljava/lang/Class; (142 bytes) @ 0x0000000002ed43cc [0x0000000002ed3a00+0x9cc]
J 671 C1 java.net.URLClassLoader$1.run()Ljava/lang/Class; (63 bytes) @ 0x0000000002eb9c34 [0x0000000002eb9b80+0xb4]
J 670 C1 java.net.URLClassLoader$1.run()Ljava/lang/Object; (5 bytes) @ 0x0000000002eb9854 [0x0000000002eb9820+0x34]
v  ~StubRoutines::call_stub
J 524  java.security.AccessController.doPrivileged(Ljava/security/PrivilegedExceptionAction;Ljava/security/AccessControlContext;)Ljava/lang/Object; (0 bytes) @ 0x0000000002e77026 [0x0000000002e76fc0+0x66]
J 668 C1 java.net.URLClassLoader.findClass(Ljava/lang/String;)Ljava/lang/Class; (47 bytes) @ 0x0000000002eb8ff4 [0x0000000002eb8f40+0xb4]
J 506 C1 java.lang.ClassLoader.loadClass(Ljava/lang/String;Z)Ljava/lang/Class; (122 bytes) @ 0x0000000002e715a4 [0x0000000002e712a0+0x304]
J 583 C1 sun.misc.Launcher$AppClassLoader.loadClass(Ljava/lang/String;Z)Ljava/lang/Class; (85 bytes) @ 0x0000000002e901c4 [0x0000000002e8fee0+0x2e4]
J 580 C1 java.lang.ClassLoader.loadClass(Ljava/lang/String;)Ljava/lang/Class; (7 bytes) @ 0x0000000002e8f4a4 [0x0000000002e8f460+0x44]
v  ~StubRoutines::call_stub
j  org.hibernate.internal.SessionFactoryImpl$SessionBuilderImpl.openSession()Lorg/hibernate/Session;+12
j  org.hibernate.internal.SessionFactoryImpl.buildEntityManager(Ljavax/persistence/SynchronizationType;Ljava/util/Map;)Lorg/hibernate/Session;+53
j  org.hibernate.internal.SessionFactoryImpl.createEntityManager()Lorg/hibernate/Session;+9
j  org.hibernate.internal.SessionFactoryImpl.createEntityManager()Ljavax/persistence/EntityManager;+1
v  ~StubRoutines::call_stub
J 2115  sun.reflect.NativeMethodAccessorImpl.invoke0(Ljava/lang/reflect/Method;Ljava/lang/Object;[Ljava/lang/Object;)Ljava/lang/Object; (0 bytes) @ 0x00000000030f06bf [0x00000000030f0640+0x7f]
J 2114 C1 sun.reflect.NativeMethodAccessorImpl.invoke(Ljava/lang/Object;[Ljava/lang/Object;)Ljava/lang/Object; (104 bytes) @ 0x00000000030f0e1c [0x00000000030f0aa0+0x37c]
J 1682 C1 sun.reflect.DelegatingMethodAccessorImpl.invoke(Ljava/lang/Object;[Ljava/lang/Object;)Ljava/lang/Object; (10 bytes) @ 0x000000000302f664 [0x000000000302f620+0x44]
J 1686 C1 java.lang.reflect.Method.invoke(Ljava/lang/Object;[Ljava/lang/Object;)Ljava/lang/Object; (62 bytes) @ 0x0000000003030294 [0x00000000030301a0+0xf4]
j  org.springframework.orm.jpa.AbstractEntityManagerFactoryBean.invokeProxyMethod(Ljava/lang/reflect/Method;[Ljava/lang/Object;)Ljava/lang/Object;+157
j  org.springframework.orm.jpa.AbstractEntityManagerFactoryBean$ManagedEntityManagerFactoryInvocationHandler.invoke(Ljava/lang/Object;Ljava/lang/reflect/Method;[Ljava/lang/Object;)Ljava/lang/Object;+98
j  com.sun.proxy.$Proxy99.createEntityManager()Ljavax/persistence/EntityManager;+9
j  org.springframework.orm.jpa.SharedEntityManagerCreator$SharedEntityManagerInvocationHandler.invoke(Ljava/lang/Object;Ljava/lang/reflect/Method;[Ljava/lang/Object;)Ljava/lang/Object;+481
j  com.sun.proxy.$Proxy101.getDelegate()Ljava/lang/Object;+9
j  org.springframework.data.jpa.provider.PersistenceProvider.fromEntityManager(Ljavax/persistence/EntityManager;)Lorg/springframework/data/jpa/provider/PersistenceProvider;+7
j  org.springframework.data.jpa.repository.support.JpaRepositoryFactory.<init>(Ljavax/persistence/EntityManager;)V+24
j  org.springframework.data.jpa.repository.support.JpaRepositoryFactoryBean.createRepositoryFactory(Ljavax/persistence/EntityManager;)Lorg/springframework/data/repository/core/support/RepositoryFactorySupport;+5
j  org.springframework.data.jpa.repository.support.JpaRepositoryFactoryBean.doCreateRepositoryFactory()Lorg/springframework/data/repository/core/support/RepositoryFactorySupport;+22
j  org.springframework.data.repository.core.support.TransactionalRepositoryFactoryBeanSupport.createRepositoryFactory()Lorg/springframework/data/repository/core/support/RepositoryFactorySupport;+1
j  org.springframework.data.repository.core.support.RepositoryFactoryBeanSupport.afterPropertiesSet()V+2
j  org.springframework.data.jpa.repository.support.JpaRepositoryFactoryBean.afterPropertiesSet()V+18
j  org.springframework.beans.factory.support.AbstractAutowireCapableBeanFactory.invokeInitMethods(Ljava/lang/String;Ljava/lang/Object;Lorg/springframework/beans/factory/support/RootBeanDefinition;)V+106
j  org.springframework.beans.factory.support.AbstractAutowireCapableBeanFactory.initializeBean(Ljava/lang/String;Ljava/lang/Object;Lorg/springframework/beans/factory/support/RootBeanDefinition;)Ljava/lang/Object;+59
j  org.springframework.beans.factory.support.AbstractAutowireCapableBeanFactory.doCreateBean(Ljava/lang/String;Lorg/springframework/beans/factory/support/RootBeanDefinition;[Ljava/lang/Object;)Ljava/lang/Object;+245
j  org.springframework.beans.factory.support.AbstractAutowireCapableBeanFactory.createBean(Ljava/lang/String;Lorg/springframework/beans/factory/support/RootBeanDefinition;[Ljava/lang/Object;)Ljava/lang/Object;+169
j  org.springframework.beans.factory.support.AbstractBeanFactory.lambda$doGetBean$0(Ljava/lang/String;Lorg/springframework/beans/factory/support/RootBeanDefinition;[Ljava/lang/Object;)Ljava/lang/Object;+4
j  org.springframework.beans.factory.support.AbstractBeanFactory$$Lambda$154.getObject()Ljava/lang/Object;+16
j  org.springframework.beans.factory.support.DefaultSingletonBeanRegistry.getSingleton(Ljava/lang/String;Lorg/springframework/beans/factory/ObjectFactory;)Ljava/lang/Object;+132
J 2423 C1 org.springframework.beans.factory.support.AbstractBeanFactory.doGetBean(Ljava/lang/String;Ljava/lang/Class;[Ljava/lang/Object;Z)Ljava/lang/Object; (833 bytes) @ 0x000000000315a25c [0x0000000003159d40+0x51c]
j  org.springframework.beans.factory.support.AbstractBeanFactory.getBean(Ljava/lang/String;)Ljava/lang/Object;+5
j  org.springframework.beans.factory.config.DependencyDescriptor.resolveCandidate(Ljava/lang/String;Ljava/lang/Class;Lorg/springframework/beans/factory/BeanFactory;)Ljava/lang/Object;+2
j  org.springframework.beans.factory.support.DefaultListableBeanFactory.doResolveDependency(Lorg/springframework/beans/factory/config/DependencyDescriptor;Ljava/lang/String;Ljava/util/Set;Lorg/springframework/beans/TypeConverter;)Ljava/lang/Object;+440
j  org.springframework.beans.factory.support.DefaultListableBeanFactory.resolveDependency(Lorg/springframework/beans/factory/config/DependencyDescriptor;Ljava/lang/String;Ljava/util/Set;Lorg/springframework/beans/TypeConverter;)Ljava/lang/Object;+108
j  org.springframework.beans.factory.annotation.AutowiredAnnotationBeanPostProcessor$AutowiredFieldElement.inject(Ljava/lang/Object;Ljava/lang/String;Lorg/springframework/beans/PropertyValues;)V+115
j  org.springframework.beans.factory.annotation.InjectionMetadata.inject(Ljava/lang/Object;Ljava/lang/String;Lorg/springframework/beans/PropertyValues;)V+116
j  org.springframework.beans.factory.annotation.AutowiredAnnotationBeanPostProcessor.postProcessProperties(Lorg/springframework/beans/PropertyValues;Ljava/lang/Object;Ljava/lang/String;)Lorg/springframework/beans/PropertyValues;+17
j  org.springframework.beans.factory.support.AbstractAutowireCapableBeanFactory.populateBean(Ljava/lang/String;Lorg/springframework/beans/factory/support/RootBeanDefinition;Lorg/springframework/beans/BeanWrapper;)V+289
j  org.springframework.beans.factory.support.AbstractAutowireCapableBeanFactory.doCreateBean(Ljava/lang/String;Lorg/springframework/beans/factory/support/RootBeanDefinition;[Ljava/lang/Object;)Ljava/lang/Object;+237
j  org.springframework.beans.factory.support.AbstractAutowireCapableBeanFactory.createBean(Ljava/lang/String;Lorg/springframework/beans/factory/support/RootBeanDefinition;[Ljava/lang/Object;)Ljava/lang/Object;+169
j  org.springframework.beans.factory.support.AbstractBeanFactory.lambda$doGetBean$0(Ljava/lang/String;Lorg/springframework/beans/factory/support/RootBeanDefinition;[Ljava/lang/Object;)Ljava/lang/Object;+4
j  org.springframework.beans.factory.support.AbstractBeanFactory$$Lambda$154.getObject()Ljava/lang/Object;+16
j  org.springframework.beans.factory.support.DefaultSingletonBeanRegistry.getSingleton(Ljava/lang/String;Lorg/springframework/beans/factory/ObjectFactory;)Ljava/lang/Object;+132
J 2423 C1 org.springframework.beans.factory.support.AbstractBeanFactory.doGetBean(Ljava/lang/String;Ljava/lang/Class;[Ljava/lang/Object;Z)Ljava/lang/Object; (833 bytes) @ 0x000000000315a25c [0x0000000003159d40+0x51c]
j  org.springframework.beans.factory.support.AbstractBeanFactory.getBean(Ljava/lang/String;)Ljava/lang/Object;+5
j  org.springframework.beans.factory.support.DefaultListableBeanFactory.preInstantiateSingletons()V+248
j  org.springframework.context.support.AbstractApplicationContext.finishBeanFactoryInitialization(Lorg/springframework/beans/factory/config/ConfigurableListableBeanFactory;)V+124
j  org.springframework.context.support.AbstractApplicationContext.refresh()V+54
j  org.springframework.boot.web.servlet.context.ServletWebServerApplicationContext.refresh()V+1
j  org.springframework.boot.SpringApplication.refresh(Lorg/springframework/context/ApplicationContext;)V+10
j  org.springframework.boot.SpringApplication.refreshContext(Lorg/springframework/context/ConfigurableApplicationContext;)V+2
j  org.springframework.boot.SpringApplication.run([Ljava/lang/String;)Lorg/springframework/context/ConfigurableApplicationContext;+118
j  org.springframework.boot.SpringApplication.run([Ljava/lang/Class;[Ljava/lang/String;)Lorg/springframework/context/ConfigurableApplicationContext;+9
j  org.springframework.boot.SpringApplication.run(Ljava/lang/Class;[Ljava/lang/String;)Lorg/springframework/context/ConfigurableApplicationContext;+9
j  com.yess.yessdemo.YessdemoApplication.main([Ljava/lang/String;)V+3
v  ~StubRoutines::call_stub
j  sun.reflect.NativeMethodAccessorImpl.invoke0(Ljava/lang/reflect/Method;Ljava/lang/Object;[Ljava/lang/Object;)Ljava/lang/Object;+0
j  sun.reflect.NativeMethodAccessorImpl.invoke(Ljava/lang/Object;[Ljava/lang/Object;)Ljava/lang/Object;+100
j  sun.reflect.DelegatingMethodAccessorImpl.invoke(Ljava/lang/Object;[Ljava/lang/Object;)Ljava/lang/Object;+6
j  java.lang.reflect.Method.invoke(Ljava/lang/Object;[Ljava/lang/Object;)Ljava/lang/Object;+56
j  org.springframework.boot.devtools.restart.RestartLauncher.run()V+41
v  ~StubRoutines::call_stub

---------------  P R O C E S S  ---------------

Java Threads: ( => current thread )
  0x000000001bc5f800 JavaThread "container-0" [_thread_blocked, id=9104, stack(0x000000001d220000,0x000000001d320000)]
  0x000000001bc5f000 JavaThread "Catalina-utility-2" [_thread_blocked, id=936, stack(0x000000001d120000,0x000000001d220000)]
  0x000000001bc56800 JavaThread "Catalina-utility-1" [_thread_blocked, id=7408, stack(0x000000001d020000,0x000000001d120000)]
  0x000000001bbb6000 JavaThread "HikariPool-1 connection adder" daemon [_thread_blocked, id=6448, stack(0x000000001cf20000,0x000000001d020000)]
  0x000000001bb31800 JavaThread "HikariPool-1 housekeeper" daemon [_thread_blocked, id=7008, stack(0x000000001aa50000,0x000000001ab50000)]
=>0x0000000019d6d000 JavaThread "restartedMain" [_thread_in_vm, id=8864, stack(0x000000001a950000,0x000000001aa50000)]
  0x0000000019d5a000 JavaThread "Thread-1" [_thread_blocked, id=5780, stack(0x000000001a850000,0x000000001a950000)]
  0x0000000019bc8000 JavaThread "RMI TCP Accept-0" daemon [_thread_in_native, id=1900, stack(0x000000001a340000,0x000000001a440000)]
  0x0000000019b9f800 JavaThread "RMI TCP Accept-56988" daemon [_thread_in_native, id=448, stack(0x000000001a240000,0x000000001a340000)]
  0x0000000019b91800 JavaThread "RMI TCP Accept-0" daemon [_thread_in_native, id=9008, stack(0x000000001a140000,0x000000001a240000)]
  0x0000000019198800 JavaThread "Service Thread" daemon [_thread_blocked, id=8512, stack(0x0000000019560000,0x0000000019660000)]
  0x0000000017805800 JavaThread "C1 CompilerThread2" daemon [_thread_blocked, id=6624, stack(0x0000000019060000,0x0000000019160000)]
  0x0000000017802000 JavaThread "C2 CompilerThread1" daemon [_thread_blocked, id=5924, stack(0x0000000018f60000,0x0000000019060000)]
  0x0000000017810800 JavaThread "C2 CompilerThread0" daemon [_thread_blocked, id=7116, stack(0x0000000018e60000,0x0000000018f60000)]
  0x000000001780f000 JavaThread "Attach Listener" daemon [_thread_blocked, id=6384, stack(0x0000000018d60000,0x0000000018e60000)]
  0x000000001780d800 JavaThread "Signal Dispatcher" daemon [_thread_blocked, id=4256, stack(0x0000000018c60000,0x0000000018d60000)]
  0x0000000002cae000 JavaThread "Finalizer" daemon [_thread_blocked, id=4224, stack(0x0000000018a60000,0x0000000018b60000)]
  0x0000000002ca5000 JavaThread "Reference Handler" daemon [_thread_blocked, id=4596, stack(0x0000000018960000,0x0000000018a60000)]
  0x0000000002bb5000 JavaThread "main" [_thread_blocked, id=928, stack(0x0000000002a20000,0x0000000002b20000)]

Other Threads:
  0x00000000177c7800 VMThread [stack: 0x0000000018860000,0x0000000018960000] [id=3524]
  0x0000000019bca000 WatcherThread [stack: 0x000000001a440000,0x000000001a540000] [id=3580]

VM state:not at safepoint (normal execution)

VM Mutex/Monitor currently owned by a thread: None

Heap:
 PSYoungGen      total 360448K, used 21449K [0x00000000d5d80000, 0x00000000ed480000, 0x0000000100000000)
  eden space 344576K, 6% used [0x00000000d5d80000,0x00000000d72727e8,0x00000000eae00000)
  from space 15872K, 0% used [0x00000000eb580000,0x00000000eb580000,0x00000000ec500000)
  to   space 12800K, 0% used [0x00000000ec800000,0x00000000ec800000,0x00000000ed480000)
 ParOldGen       total 68608K, used 17082K [0x0000000081800000, 0x0000000085b00000, 0x00000000d5d80000)
  object space 68608K, 24% used [0x0000000081800000,0x00000000828ae958,0x0000000085b00000)
 Metaspace       used 46101K, capacity 48132K, committed 48424K, reserved 1093632K
  class space    used 6461K, capacity 6858K, committed 6952K, reserved 1048576K

Card table byte_map: [0x0000000012070000,0x0000000012470000] byte_map_base: 0x0000000011c64000

Marking Bits: (ParMarkBitMap*) 0x0000000067a0d850
 Begin Bits: [0x0000000012b20000, 0x0000000014ac0000)
 End Bits:   [0x0000000014ac0000, 0x0000000016a60000)

Polling page: 0x0000000001010000

CodeCache: size=245760Kb used=7187Kb max_used=7187Kb free=238572Kb
 bounds [0x0000000002cb0000, 0x00000000033c0000, 0x0000000011cb0000]
 total_blobs=4268 nmethods=3732 adapters=447
 compilation: enabled

Compilation events (10 events):
Event: 5.380 Thread 0x0000000017805800 3728       1       org.springframework.core.convert.TypeDescriptor::equals (113 bytes)
Event: 5.383 Thread 0x0000000017805800 nmethod 3728 0x00000000033b1190 code [0x00000000033b1540, 0x00000000033b2628]
Event: 5.383 Thread 0x0000000017805800 3729       1       org.springframework.util.ReflectionUtils::makeAccessible (36 bytes)
Event: 5.383 Thread 0x0000000017805800 nmethod 3729 0x00000000033b3810 code [0x00000000033b3980, 0x00000000033b3b68]
Event: 5.384 Thread 0x0000000017805800 3730       1       org.springframework.core.convert.support.GenericConversionService$Converters::getMatchableConverters (41 bytes)
Event: 5.384 Thread 0x0000000017805800 nmethod 3730 0x00000000033b3c90 code [0x00000000033b3e00, 0x00000000033b4098]
Event: 5.384 Thread 0x0000000017805800 3731       1       org.springframework.core.convert.support.GenericConversionService$Converters::add (79 bytes)
Event: 5.384 Thread 0x0000000017805800 nmethod 3731 0x00000000033b41d0 code [0x00000000033b43a0, 0x00000000033b4738]
Event: 5.392 Thread 0x0000000017805800 3732       1       org.springframework.core.convert.support.GenericConversionService::invalidateCache (10 bytes)
Event: 5.392 Thread 0x0000000017805800 nmethod 3732 0x00000000033b4c50 code [0x00000000033b4da0, 0x00000000033b4ee8]

GC Heap History (10 events):
Event: 4.000 GC heap before
{Heap before GC invocations=11 (full 2):
 PSYoungGen      total 256512K, used 10635K [0x00000000d5d80000, 0x00000000ed680000, 0x0000000100000000)
  eden space 242176K, 0% used [0x00000000d5d80000,0x00000000d5d80000,0x00000000e4a00000)
  from space 14336K, 74% used [0x00000000e4a00000,0x00000000e5462db8,0x00000000e5800000)
  to   space 14848K, 0% used [0x00000000ec800000,0x00000000ec800000,0x00000000ed680000)
 ParOldGen       total 47616K, used 9888K [0x0000000081800000, 0x0000000084680000, 0x00000000d5d80000)
  object space 47616K, 20% used [0x0000000081800000,0x00000000821a82f8,0x0000000084680000)
 Metaspace       used 33609K, capacity 35386K, committed 35496K, reserved 1079296K
  class space    used 4422K, capacity 4759K, committed 4776K, reserved 1048576K
Event: 4.072 GC heap after
Heap after GC invocations=11 (full 2):
 PSYoungGen      total 256512K, used 0K [0x00000000d5d80000, 0x00000000ed680000, 0x0000000100000000)
  eden space 242176K, 0% used [0x00000000d5d80000,0x00000000d5d80000,0x00000000e4a00000)
  from space 14336K, 0% used [0x00000000e4a00000,0x00000000e4a00000,0x00000000e5800000)
  to   space 14848K, 0% used [0x00000000ec800000,0x00000000ec800000,0x00000000ed680000)
 ParOldGen       total 68608K, used 16168K [0x0000000081800000, 0x0000000085b00000, 0x00000000d5d80000)
  object space 68608K, 23% used [0x0000000081800000,0x00000000827ca090,0x0000000085b00000)
 Metaspace       used 33609K, capacity 35386K, committed 35496K, reserved 1079296K
  class space    used 4422K, capacity 4759K, committed 4776K, reserved 1048576K
}
Event: 4.999 GC heap before
{Heap before GC invocations=12 (full 2):
 PSYoungGen      total 256512K, used 86935K [0x00000000d5d80000, 0x00000000ed680000, 0x0000000100000000)
  eden space 242176K, 35% used [0x00000000d5d80000,0x00000000db265ec0,0x00000000e4a00000)
  from space 14336K, 0% used [0x00000000e4a00000,0x00000000e4a00000,0x00000000e5800000)
  to   space 14848K, 0% used [0x00000000ec800000,0x00000000ec800000,0x00000000ed680000)
 ParOldGen       total 68608K, used 16168K [0x0000000081800000, 0x0000000085b00000, 0x00000000d5d80000)
  object space 68608K, 23% used [0x0000000081800000,0x00000000827ca090,0x0000000085b00000)
 Metaspace       used 44933K, capacity 46922K, committed 47144K, reserved 1093632K
  class space    used 6280K, capacity 6677K, committed 6696K, reserved 1048576K
Event: 5.011 GC heap after
Heap after GC invocations=12 (full 2):
 PSYoungGen      total 357376K, used 12311K [0x00000000d5d80000, 0x00000000ed480000, 0x0000000100000000)
  eden space 344576K, 0% used [0x00000000d5d80000,0x00000000d5d80000,0x00000000eae00000)
  from space 12800K, 96% used [0x00000000ec800000,0x00000000ed405f38,0x00000000ed480000)
  to   space 15872K, 0% used [0x00000000eb580000,0x00000000eb580000,0x00000000ec500000)
 ParOldGen       total 68608K, used 16176K [0x0000000081800000, 0x0000000085b00000, 0x00000000d5d80000)
  object space 68608K, 23% used [0x0000000081800000,0x00000000827cc090,0x0000000085b00000)
 Metaspace       used 44933K, capacity 46922K, committed 47144K, reserved 1093632K
  class space    used 6280K, capacity 6677K, committed 6696K, reserved 1048576K
}
Event: 5.011 GC heap before
{Heap before GC invocations=13 (full 3):
 PSYoungGen      total 357376K, used 12311K [0x00000000d5d80000, 0x00000000ed480000, 0x0000000100000000)
  eden space 344576K, 0% used [0x00000000d5d80000,0x00000000d5d80000,0x00000000eae00000)
  from space 12800K, 96% used [0x00000000ec800000,0x00000000ed405f38,0x00000000ed480000)
  to   space 15872K, 0% used [0x00000000eb580000,0x00000000eb580000,0x00000000ec500000)
 ParOldGen       total 68608K, used 16176K [0x0000000081800000, 0x0000000085b00000, 0x00000000d5d80000)
  object space 68608K, 23% used [0x0000000081800000,0x00000000827cc090,0x0000000085b00000)
 Metaspace       used 44933K, capacity 46922K, committed 47144K, reserved 1093632K
  class space    used 6280K, capacity 6677K, committed 6696K, reserved 1048576K
Event: 5.136 GC heap after
Heap after GC invocations=13 (full 3):
 PSYoungGen      total 357376K, used 0K [0x00000000d5d80000, 0x00000000ed480000, 0x0000000100000000)
  eden space 344576K, 0% used [0x00000000d5d80000,0x00000000d5d80000,0x00000000eae00000)
  from space 12800K, 0% used [0x00000000ec800000,0x00000000ec800000,0x00000000ed480000)
  to   space 15872K, 0% used [0x00000000eb580000,0x00000000eb580000,0x00000000ec500000)
 ParOldGen       total 68608K, used 25572K [0x0000000081800000, 0x0000000085b00000, 0x00000000d5d80000)
  object space 68608K, 37% used [0x0000000081800000,0x00000000830f92d0,0x0000000085b00000)
 Metaspace       used 44933K, capacity 46922K, committed 47144K, reserved 1091584K
  class space    used 6280K, capacity 6677K, committed 6696K, reserved 1048576K
}
Event: 5.206 GC heap before
{Heap before GC invocations=14 (full 3):
 PSYoungGen      total 357376K, used 13152K [0x00000000d5d80000, 0x00000000ed480000, 0x0000000100000000)
  eden space 344576K, 3% used [0x00000000d5d80000,0x00000000d6a581e0,0x00000000eae00000)
  from space 12800K, 0% used [0x00000000ec800000,0x00000000ec800000,0x00000000ed480000)
  to   space 15872K, 0% used [0x00000000eb580000,0x00000000eb580000,0x00000000ec500000)
 ParOldGen       total 68608K, used 25572K [0x0000000081800000, 0x0000000085b00000, 0x00000000d5d80000)
  object space 68608K, 37% used [0x0000000081800000,0x00000000830f92d0,0x0000000085b00000)
 Metaspace       used 45280K, capacity 47260K, committed 47528K, reserved 1095680K
  class space    used 6355K, capacity 6744K, committed 6824K, reserved 1048576K
Event: 5.208 GC heap after
Heap after GC invocations=14 (full 3):
 PSYoungGen      total 360448K, used 736K [0x00000000d5d80000, 0x00000000ed480000, 0x0000000100000000)
  eden space 344576K, 0% used [0x00000000d5d80000,0x00000000d5d80000,0x00000000eae00000)
  from space 15872K, 4% used [0x00000000eb580000,0x00000000eb638000,0x00000000ec500000)
  to   space 12800K, 0% used [0x00000000ec800000,0x00000000ec800000,0x00000000ed480000)
 ParOldGen       total 68608K, used 25580K [0x0000000081800000, 0x0000000085b00000, 0x00000000d5d80000)
  object space 68608K, 37% used [0x0000000081800000,0x00000000830fb2d0,0x0000000085b00000)
 Metaspace       used 45280K, capacity 47260K, committed 47528K, reserved 1095680K
  class space    used 6355K, capacity 6744K, committed 6824K, reserved 1048576K
}
Event: 5.208 GC heap before
{Heap before GC invocations=15 (full 4):
 PSYoungGen      total 360448K, used 736K [0x00000000d5d80000, 0x00000000ed480000, 0x0000000100000000)
  eden space 344576K, 0% used [0x00000000d5d80000,0x00000000d5d80000,0x00000000eae00000)
  from space 15872K, 4% used [0x00000000eb580000,0x00000000eb638000,0x00000000ec500000)
  to   space 12800K, 0% used [0x00000000ec800000,0x00000000ec800000,0x00000000ed480000)
 ParOldGen       total 68608K, used 25580K [0x0000000081800000, 0x0000000085b00000, 0x00000000d5d80000)
  object space 68608K, 37% used [0x0000000081800000,0x00000000830fb2d0,0x0000000085b00000)
 Metaspace       used 45280K, capacity 47260K, committed 47528K, reserved 1095680K
  class space    used 6355K, capacity 6744K, committed 6824K, reserved 1048576K
Event: 5.256 GC heap after
Heap after GC invocations=15 (full 4):
 PSYoungGen      total 360448K, used 0K [0x00000000d5d80000, 0x00000000ed480000, 0x0000000100000000)
  eden space 344576K, 0% used [0x00000000d5d80000,0x00000000d5d80000,0x00000000eae00000)
  from space 15872K, 0% used [0x00000000eb580000,0x00000000eb580000,0x00000000ec500000)
  to   space 12800K, 0% used [0x00000000ec800000,0x00000000ec800000,0x00000000ed480000)
 ParOldGen       total 68608K, used 17082K [0x0000000081800000, 0x0000000085b00000, 0x00000000d5d80000)
  object space 68608K, 24% used [0x0000000081800000,0x00000000828ae958,0x0000000085b00000)
 Metaspace       used 45280K, capacity 47260K, committed 47528K, reserved 1093632K
  class space    used 6355K, capacity 6744K, committed 6824K, reserved 1048576K
}

Deoptimization events (0 events):
No events

Internal exceptions (10 events):
Event: 5.379 Thread 0x0000000019d6d000 Exception <a 'java/lang/ArrayIndexOutOfBoundsException'> (0x00000000d6e7b370) thrown at [C:\re\workspace\8-2-build-windows-amd64-cygwin\jdk8u151\9699\hotspot\src\share\vm\runtime\sharedRuntime.cpp, line 605]
Event: 5.379 Thread 0x0000000019d6d000 Exception <a 'java/lang/ArrayIndexOutOfBoundsException'> (0x00000000d6e7c328) thrown at [C:\re\workspace\8-2-build-windows-amd64-cygwin\jdk8u151\9699\hotspot\src\share\vm\runtime\sharedRuntime.cpp, line 605]
Event: 5.379 Thread 0x0000000019d6d000 Exception <a 'java/lang/ArrayIndexOutOfBoundsException'> (0x00000000d6e7e4b0) thrown at [C:\re\workspace\8-2-build-windows-amd64-cygwin\jdk8u151\9699\hotspot\src\share\vm\runtime\sharedRuntime.cpp, line 605]
Event: 5.379 Thread 0x0000000019d6d000 Exception <a 'java/lang/ArrayIndexOutOfBoundsException'> (0x00000000d6e81cb0) thrown at [C:\re\workspace\8-2-build-windows-amd64-cygwin\jdk8u151\9699\hotspot\src\share\vm\runtime\sharedRuntime.cpp, line 605]
Event: 5.379 Thread 0x0000000019d6d000 Exception <a 'java/lang/ArrayIndexOutOfBoundsException'> (0x00000000d6e83788) thrown at [C:\re\workspace\8-2-build-windows-amd64-cygwin\jdk8u151\9699\hotspot\src\share\vm\runtime\sharedRuntime.cpp, line 605]
Event: 5.379 Thread 0x0000000019d6d000 Exception <a 'java/lang/ArrayIndexOutOfBoundsException'> (0x00000000d6e85068) thrown at [C:\re\workspace\8-2-build-windows-amd64-cygwin\jdk8u151\9699\hotspot\src\share\vm\runtime\sharedRuntime.cpp, line 605]
Event: 5.379 Thread 0x0000000019d6d000 Exception <a 'java/lang/ArrayIndexOutOfBoundsException'> (0x00000000d6e865b8) thrown at [C:\re\workspace\8-2-build-windows-amd64-cygwin\jdk8u151\9699\hotspot\src\share\vm\runtime\sharedRuntime.cpp, line 605]
Event: 5.379 Thread 0x0000000019d6d000 Exception <a 'java/lang/ArrayIndexOutOfBoundsException'> (0x00000000d6e876e0) thrown at [C:\re\workspace\8-2-build-windows-amd64-cygwin\jdk8u151\9699\hotspot\src\share\vm\runtime\sharedRuntime.cpp, line 605]
Event: 5.380 Thread 0x0000000019d6d000 Exception <a 'java/lang/ArrayIndexOutOfBoundsException'> (0x00000000d6e89b30) thrown at [C:\re\workspace\8-2-build-windows-amd64-cygwin\jdk8u151\9699\hotspot\src\share\vm\runtime\sharedRuntime.cpp, line 605]
Event: 5.388 Thread 0x0000000019d6d000 Exception <a 'java/lang/NoSuchMethodError': java.lang.Object.lambda$map$1(Ljava/util/function/Function;)Ljava/util/stream/Stream;> (0x00000000d6f71218) thrown at [C:\re\workspace\8-2-build-windows-amd64-cygwin\jdk8u151\9699\hotspot\src\share\vm\interprete

Events (10 events):
Event: 5.392 loading class org/springframework/orm/jpa/EntityManagerFactoryUtils
Event: 5.392 loading class org/springframework/orm/jpa/EntityManagerFactoryUtils done
Event: 5.393 loading class org/hibernate/internal/SessionImpl
Event: 5.393 loading class org/hibernate/internal/SessionImpl done
Event: 5.395 loading class org/hibernate/event/spi/EventSource
Event: 5.395 loading class org/hibernate/event/spi/EventSource done
Event: 5.398 loading class org/hibernate/internal/AbstractSessionImpl
Event: 5.398 loading class org/hibernate/internal/AbstractSessionImpl done
Event: 5.398 loading class org/hibernate/internal/AbstractSharedSessionContract
Event: 5.398 loading class org/hibernate/internal/AbstractSharedSessionContract done


Dynamic libraries:
0x00007ff681770000 - 0x00007ff6817a7000 	C:\Program Files\Java\jdk1.8.0_151\bin\javaw.exe
0x00007fff6c8f0000 - 0x00007fff6ca9d000 	C:\Windows\SYSTEM32\ntdll.dll
0x00007fff6c5f0000 - 0x00007fff6c72a000 	C:\Windows\system32\KERNEL32.DLL
0x00007fff4c7b0000 - 0x00007fff4c7c4000 	C:\Program Files\AVAST Software\Avast\aswhook.dll
0x00007fff69ea0000 - 0x00007fff69fb6000 	C:\Windows\system32\KERNELBASE.dll
0x00007fff68650000 - 0x00007fff686de000 	C:\Windows\system32\apphelp.dll
0x00007fff5b840000 - 0x00007fff5b893000 	C:\Windows\AppPatch\AppPatch64\AcGenral.DLL
0x00007fff69fc0000 - 0x00007fff6a067000 	C:\Windows\system32\msvcrt.dll
0x00007fff69b30000 - 0x00007fff69b5e000 	C:\Windows\system32\SspiCli.dll
0x00007fff6a070000 - 0x00007fff6a0c1000 	C:\Windows\system32\SHLWAPI.dll
0x00007fff6b8b0000 - 0x00007fff6ba27000 	C:\Windows\system32\USER32.dll
0x00007fff6bc50000 - 0x00007fff6bde4000 	C:\Windows\system32\ole32.dll
0x00007fff6a370000 - 0x00007fff6b89c000 	C:\Windows\system32\SHELL32.dll
0x00007fff690d0000 - 0x00007fff690ee000 	C:\Windows\SYSTEM32\USERENV.dll
0x00007fff6c400000 - 0x00007fff6c4aa000 	C:\Windows\system32\ADVAPI32.dll
0x00007fff5af50000 - 0x00007fff5af6b000 	C:\Windows\SYSTEM32\MPR.dll
0x00007fff6a0d0000 - 0x00007fff6a210000 	C:\Windows\system32\RPCRT4.dll
0x00007fff6bbc0000 - 0x00007fff6bc19000 	C:\Windows\SYSTEM32\sechost.dll
0x00007fff6c1e0000 - 0x00007fff6c3f2000 	C:\Windows\SYSTEM32\combase.dll
0x00007fff6ba30000 - 0x00007fff6bb7b000 	C:\Windows\system32\GDI32.dll
0x00007fff69a60000 - 0x00007fff69a74000 	C:\Windows\SYSTEM32\profapi.dll
0x00007fff68080000 - 0x00007fff68132000 	C:\Windows\SYSTEM32\SHCORE.dll
0x00007fff6bb80000 - 0x00007fff6bbb4000 	C:\Windows\system32\IMM32.DLL
0x00007fff6a210000 - 0x00007fff6a361000 	C:\Windows\system32\MSCTF.dll
0x00007fff67b80000 - 0x00007fff67dfb000 	C:\Windows\WinSxS\amd64_microsoft.windows.common-controls_6595b64144ccf1df_6.0.9600.18006_none_623f33d3ecbe86e8\COMCTL32.dll
0x0000000067110000 - 0x00000000671e2000 	C:\Program Files\Java\jdk1.8.0_151\jre\bin\msvcr100.dll
0x00000000671f0000 - 0x0000000067a8d000 	C:\Program Files\Java\jdk1.8.0_151\jre\bin\server\jvm.dll
0x00007fff607e0000 - 0x00007fff607e9000 	C:\Windows\SYSTEM32\WSOCK32.dll
0x00007fff60e60000 - 0x00007fff60e7f000 	C:\Windows\SYSTEM32\WINMM.dll
0x00007fff62ca0000 - 0x00007fff62caa000 	C:\Windows\SYSTEM32\VERSION.dll
0x00007fff6c510000 - 0x00007fff6c517000 	C:\Windows\system32\PSAPI.DLL
0x00007fff6bfd0000 - 0x00007fff6c02a000 	C:\Windows\system32\WS2_32.dll
0x00007fff60b60000 - 0x00007fff60b8a000 	C:\Windows\SYSTEM32\WINMMBASE.dll
0x00007fff6b8a0000 - 0x00007fff6b8a9000 	C:\Windows\system32\NSI.dll
0x00007fff69b60000 - 0x00007fff69baa000 	C:\Windows\SYSTEM32\cfgmgr32.dll
0x00007fff688a0000 - 0x00007fff688c6000 	C:\Windows\SYSTEM32\DEVOBJ.dll
0x0000000067100000 - 0x000000006710f000 	C:\Program Files\Java\jdk1.8.0_151\jre\bin\verify.dll
0x00000000670d0000 - 0x00000000670f9000 	C:\Program Files\Java\jdk1.8.0_151\jre\bin\java.dll
0x0000000067080000 - 0x0000000067096000 	C:\Program Files\Java\jdk1.8.0_151\jre\bin\zip.dll
0x0000000067ab0000 - 0x0000000067abd000 	C:\Program Files\Java\jdk1.8.0_151\jre\bin\management.dll
0x0000000067060000 - 0x000000006707a000 	C:\Program Files\Java\jdk1.8.0_151\jre\bin\net.dll
0x00007fff69380000 - 0x00007fff693d9000 	C:\Windows\system32\mswsock.dll
0x0000000067040000 - 0x0000000067051000 	C:\Program Files\Java\jdk1.8.0_151\jre\bin\nio.dll
0x00007fff5d690000 - 0x00007fff5d6a4000 	C:\Windows\system32\napinsp.dll
0x00007fff5b170000 - 0x00007fff5b189000 	C:\Windows\system32\pnrpnsp.dll
0x00007fff64470000 - 0x00007fff6448b000 	C:\Windows\system32\NLAapi.dll
0x00007fff69180000 - 0x00007fff69224000 	C:\Windows\SYSTEM32\DNSAPI.dll
0x00007fff5d680000 - 0x00007fff5d68c000 	C:\Windows\System32\winrnr.dll
0x00007fff5b150000 - 0x00007fff5b163000 	C:\Windows\system32\wshbth.dll
0x00007fff5add0000 - 0x00007fff5add9000 	C:\Windows\System32\rasadhlp.dll
0x00007fff63e70000 - 0x00007fff63e9a000 	C:\Windows\SYSTEM32\IPHLPAPI.DLL
0x00007fff63ef0000 - 0x00007fff63efa000 	C:\Windows\SYSTEM32\WINNSI.DLL
0x00007fff63500000 - 0x00007fff6356b000 	C:\Windows\System32\fwpuclnt.dll
0x00007fff693e0000 - 0x00007fff693fe000 	C:\Windows\SYSTEM32\CRYPTSP.dll
0x00007fff68fc0000 - 0x00007fff68ff6000 	C:\Windows\system32\rsaenh.dll
0x00007fff69620000 - 0x00007fff69646000 	C:\Windows\SYSTEM32\bcrypt.dll
0x00007fff69930000 - 0x00007fff69993000 	C:\Windows\system32\bcryptprimitives.dll
0x00007fff699a0000 - 0x00007fff699aa000 	C:\Windows\SYSTEM32\CRYPTBASE.dll
0x00007fff63060000 - 0x00007fff63074000 	C:\Windows\SYSTEM32\dhcpcsvc6.DLL
0x00007fff63b90000 - 0x00007fff63ba9000 	C:\Windows\SYSTEM32\dhcpcsvc.DLL

VM Arguments:
jvm_args: -Dcom.sun.management.jmxremote -Dcom.sun.management.jmxremote.port=56988 -Dcom.sun.management.jmxremote.authenticate=false -Dcom.sun.management.jmxremote.ssl=false -Djava.rmi.server.hostname=localhost -Dspring.jmx.enabled=true -Dspring.liveBeansView.mbeanDomain -Dspring.application.admin.enabled=true -Xverify:none -XX:TieredStopAtLevel=1 -Dspring.boot.project.name=yessdemo -Dfile.encoding=UTF-8 
java_command: com.yess.yessdemo.YessdemoApplication --spring.output.ansi.enabled=always
java_class_path (initial): C:\Users\Isen\Desktop\YESS CONSULTING\yessdemo\target\classes;C:\Users\Isen\.m2\repository\org\springframework\boot\spring-boot-starter-data-jpa\2.2.3.RELEASE\spring-boot-starter-data-jpa-2.2.3.RELEASE.jar;C:\Users\Isen\.m2\repository\org\springframework\boot\spring-boot-starter-aop\2.2.3.RELEASE\spring-boot-starter-aop-2.2.3.RELEASE.jar;C:\Users\Isen\.m2\repository\org\springframework\spring-aop\5.2.3.RELEASE\spring-aop-5.2.3.RELEASE.jar;C:\Users\Isen\.m2\repository\org\aspectj\aspectjweaver\1.9.5\aspectjweaver-1.9.5.jar;C:\Users\Isen\.m2\repository\org\springframework\boot\spring-boot-starter-jdbc\2.2.3.RELEASE\spring-boot-starter-jdbc-2.2.3.RELEASE.jar;C:\Users\Isen\.m2\repository\com\zaxxer\HikariCP\3.4.2\HikariCP-3.4.2.jar;C:\Users\Isen\.m2\repository\org\springframework\spring-jdbc\5.2.3.RELEASE\spring-jdbc-5.2.3.RELEASE.jar;C:\Users\Isen\.m2\repository\jakarta\activation\jakarta.activation-api\1.2.1\jakarta.activation-api-1.2.1.jar;C:\Users\Isen\.m2\repository\jakarta\persistence\jakarta.persistence-api\2.2.3\jakarta.persistence-api-2.2.3.jar;C:\Users\Isen\.m2\repository\jakarta\transaction\jakarta.transaction-api\1.3.3\jakarta.transaction-api-1.3.3.jar;C:\Users\Isen\.m2\repository\org\hibernate\hibernate-core\5.4.10.Final\hibernate-core-5.4.10.Final.jar;C:\Users\Isen\.m2\repository\org\jboss\logging\jboss-logging\3.4.1.Final\jboss-logging-3.4.1.Final.jar;C:\Users\Isen\.m2\repository\org\javassist\javassist\3.24.0-GA\javassist-3.24.0-GA.jar;C:\Users\Isen\.m2\repository\net\bytebuddy\byte-buddy\1.10.6\byte-buddy-1.10.6.jar;C:\Users\Isen\.m2\repository\antlr\antlr\2.7.7\antlr-2.7.7.jar;C:\Users\Isen\.m2\repository\org\jboss\jandex\2.1.1.Final\jandex-2.1.1.Final.jar;C:\Users\Isen\.m2\repository\com\fasterxml\classmate\1.5.1\classmate-1.5.1.jar;C:\Users\Isen\.m2\repository\org\dom4j\dom4j\2.1.1\dom4j-2.1.1.jar;C:\Users\Isen\.m2\repository\org\hibernate\common\hibernate-commons-annotations\5.1.0.Final\hibernate-commons-annotations-5.1.
Launcher Type: SUN_STANDARD

Environment Variables:
JAVA_HOME=C:\Program Files\Java\jdk1.8.0_151
PATH=C:/Program Files/Java/jdk1.8.0_151/bin/../jre/bin/server;C:/Program Files/Java/jdk1.8.0_151/bin/../jre/bin;C:/Program Files/Java/jdk1.8.0_151/bin/../jre/lib/amd64;C:\Program Files\Java\jdk1.8.0_151\bin;C:\Windows\system32;C:\Windows;C:\Windows\System32\Wbem;C:\Windows\System32\WindowsPowerShell\v1.0\;C:\Program Files (x86)\NVIDIA Corporation\PhysX\Common;C:\Program Files\nodejs\;C:\Program Files\Git\cmd;C:\Users\Isen\Desktop\YESS CONSULTING\apache-maven-3.6.3-bin\apache-maven-3.6.3\bin;C:\Users\Isen\AppData\Roaming\npm;C:\Users\Isen\Desktop\YESS CONSULTING\spring-tool-suite-3.9.11.RELEASE-e4.14.0-win32-x86_64\sts-bundle\sts-3.9.11.RELEASE;
USERNAME=Isen
OS=Windows_NT
PROCESSOR_IDENTIFIER=Intel64 Family 6 Model 142 Stepping 9, GenuineIntel



---------------  S Y S T E M  ---------------

OS: Windows 8.1 , 64 bit Build 9600 (6.3.9600.17056)

CPU:total 4 (initial active 4) (2 cores per cpu, 2 threads per core) family 6 model 142 stepping 9, cmov, cx8, fxsr, mmx, sse, sse2, sse3, ssse3, sse4.1, sse4.2, popcnt, avx, avx2, aes, clmul, erms, 3dnowpref, lzcnt, ht, tsc, tscinvbit, bmi1, bmi2, adx

Memory: 4k page, physical 8286440k(1598280k free), swap 8810728k(784k free)

vm_info: Java HotSpot(TM) 64-Bit Server VM (25.151-b12) for windows-amd64 JRE (1.8.0_151-b12), built on Sep  5 2017 19:33:46 by "java_re" with MS VC++ 10.0 (VS2010)

time: Wed Jan 29 15:46:37 2020
elapsed time: 5 seconds (0d 0h 0m 5s)

